11/14/2025 15:10:41 Run start: 0
11/14/2025 15:10:41 Day 0
11/14/2025 15:10:41 Forming SolO coverages from date 2020-11-02 00:00:00
11/14/2025 15:10:42 Day 0: 2 coverages
11/14/2025 15:10:42 Day 1
11/14/2025 15:10:42 Forming SolO coverages from date 2020-11-03 00:00:00
11/14/2025 15:10:43 Day 1: 2 coverages
11/14/2025 15:10:43 Day 2
11/14/2025 15:10:43 Forming SolO coverages from date 2020-11-04 00:00:00
11/14/2025 15:10:45 Day 2: 2 coverages
11/14/2025 15:10:45 Day 3
11/14/2025 15:10:45 Forming SolO coverages from date 2020-11-05 00:00:00
11/14/2025 15:10:46 Day 3: 2 coverages
11/14/2025 15:10:46 Day 4
11/14/2025 15:10:46 Forming SolO coverages from date 2020-11-06 00:00:00
11/14/2025 15:10:47 Day 4: 2 coverages
11/14/2025 15:10:47 Day 5
11/14/2025 15:10:47 Forming SolO coverages from date 2020-11-07 00:00:00
11/14/2025 15:10:48 Day 5: 2 coverages
11/14/2025 15:10:48 Day 6
11/14/2025 15:10:48 Forming SolO coverages from date 2020-11-08 00:00:00
11/14/2025 15:10:49 Day 6: 2 coverages
11/14/2025 15:10:49 Day 7
11/14/2025 15:10:49 Forming SolO coverages from date 2020-11-09 00:00:00
11/14/2025 15:10:50 Day 7: 2 coverages
11/14/2025 15:10:50 Day 8
11/14/2025 15:10:50 Forming SolO coverages from date 2020-11-10 00:00:00
11/14/2025 15:10:51 Day 8: 2 coverages
11/14/2025 15:10:51 Day 9
11/14/2025 15:10:51 Forming SolO coverages from date 2020-11-11 00:00:00
11/14/2025 15:10:52 Day 9: 2 coverages
11/14/2025 15:10:52 Day 10
11/14/2025 15:10:52 Forming SolO coverages from date 2020-11-12 00:00:00
11/14/2025 15:10:54 Day 10: 2 coverages
11/14/2025 15:10:54 Day 11
11/14/2025 15:10:54 Forming SolO coverages from date 2020-11-13 00:00:00
11/14/2025 15:10:55 Day 11: 2 coverages
11/14/2025 15:10:55 Day 12
11/14/2025 15:10:55 Forming SolO coverages from date 2020-11-14 00:00:00
11/14/2025 15:10:56 Day 12: 2 coverages
11/14/2025 15:10:56 Day 13
11/14/2025 15:10:56 Forming SolO coverages from date 2020-11-15 00:00:00
11/14/2025 15:10:57 Day 13: 2 coverages
11/14/2025 15:10:57 Day 14
11/14/2025 15:10:57 Forming SolO coverages from date 2020-11-16 00:00:00
11/14/2025 15:10:59 Day 14: 2 coverages
11/14/2025 15:10:59 Day 15
11/14/2025 15:10:59 Forming SolO coverages from date 2020-11-17 00:00:00
11/14/2025 15:11:00 Day 15: 2 coverages
11/14/2025 15:11:00 Day 16
11/14/2025 15:11:00 Forming SolO coverages from date 2020-11-18 00:00:00
11/14/2025 15:11:02 Day 16: 2 coverages
11/14/2025 15:11:02 Day 17
11/14/2025 15:11:02 Forming SolO coverages from date 2020-11-19 00:00:00
11/14/2025 15:11:03 Day 17: 2 coverages
11/14/2025 15:11:03 Day 18
11/14/2025 15:11:03 Forming SolO coverages from date 2020-11-20 00:00:00
11/14/2025 15:11:05 Day 18: 2 coverages
11/14/2025 15:11:05 Day 19
11/14/2025 15:11:05 Forming SolO coverages from date 2020-11-21 00:00:00
11/14/2025 15:11:06 Day 19: 2 coverages
11/14/2025 15:11:06 Day 20
11/14/2025 15:11:06 Forming SolO coverages from date 2020-11-22 00:00:00
11/14/2025 15:11:07 Day 20: 2 coverages
11/14/2025 15:11:07 Day 21
11/14/2025 15:11:07 Forming SolO coverages from date 2020-11-23 00:00:00
11/14/2025 15:11:09 Day 21: 2 coverages
11/14/2025 15:11:09 Day 22
11/14/2025 15:11:09 Forming SolO coverages from date 2020-11-24 00:00:00
11/14/2025 15:11:10 Day 22: 2 coverages
11/14/2025 15:11:10 Day 23
11/14/2025 15:11:10 Forming SolO coverages from date 2020-11-25 00:00:00
11/14/2025 15:11:12 Day 23: 2 coverages
11/14/2025 15:11:12 Day 24
11/14/2025 15:11:12 Forming SolO coverages from date 2020-11-26 00:00:00
11/14/2025 15:11:13 Day 24: 2 coverages
11/14/2025 15:11:13 Day 25
11/14/2025 15:11:13 Forming SolO coverages from date 2020-11-27 00:00:00
11/14/2025 15:11:17 Day 25: 2 coverages
11/14/2025 15:11:17 Day 26
11/14/2025 15:11:17 Forming SolO coverages from date 2020-11-28 00:00:00
11/14/2025 15:11:20 Day 26: 2 coverages
11/14/2025 15:11:20 Day 27
11/14/2025 15:11:20 Forming SolO coverages from date 2020-11-29 00:00:00
11/14/2025 15:11:24 Day 27: 2 coverages
11/14/2025 15:11:24 Day 28
11/14/2025 15:11:24 Forming SolO coverages from date 2020-11-30 00:00:00
11/14/2025 15:11:30 Day 28: 2 coverages
11/14/2025 15:11:30 Day 29
11/14/2025 15:11:30 Forming SolO coverages from date 2020-12-01 00:00:00
11/14/2025 15:11:34 Day 29: 2 coverages
11/14/2025 15:11:34 Day 30
11/14/2025 15:11:34 Forming SolO coverages from date 2020-12-02 00:00:00
11/14/2025 15:11:38 Day 30: 2 coverages
11/14/2025 15:11:38 Day 31
11/14/2025 15:11:38 Forming SolO coverages from date 2020-12-03 00:00:00
11/14/2025 15:11:42 Day 31: 2 coverages
11/14/2025 15:11:42 Day 32
11/14/2025 15:11:42 Forming SolO coverages from date 2020-12-04 00:00:00
11/14/2025 15:11:47 Day 32: 2 coverages
11/14/2025 15:11:47 Day 33
11/14/2025 15:11:47 Forming SolO coverages from date 2020-12-05 00:00:00
11/14/2025 15:11:51 Day 33: 2 coverages
11/14/2025 15:11:51 Day 34
11/14/2025 15:11:51 Forming SolO coverages from date 2020-12-06 00:00:00
11/14/2025 15:11:54 Day 34: 2 coverages
11/14/2025 15:11:54 Day 35
11/14/2025 15:11:54 Forming SolO coverages from date 2020-12-07 00:00:00
11/14/2025 15:11:58 Day 35: 2 coverages
11/14/2025 15:11:58 Day 36
11/14/2025 15:11:58 Forming SolO coverages from date 2020-12-08 00:00:00
11/14/2025 15:12:02 Day 36: 2 coverages
11/14/2025 15:12:02 Day 37
11/14/2025 15:12:02 Forming SolO coverages from date 2020-12-09 00:00:00
11/14/2025 15:12:07 Day 37: 2 coverages
11/14/2025 15:12:07 Day 38
11/14/2025 15:12:07 Forming SolO coverages from date 2020-12-10 00:00:00
11/14/2025 15:12:11 Day 38: 2 coverages
11/14/2025 15:12:11 Day 39
11/14/2025 15:12:11 Forming SolO coverages from date 2020-12-11 00:00:00
11/14/2025 15:12:17 Day 39: 2 coverages
11/14/2025 15:12:17 Day 40
11/14/2025 15:12:17 Forming SolO coverages from date 2020-12-12 00:00:00
11/14/2025 15:12:20 Day 40: 2 coverages
11/14/2025 15:12:20 Day 41
11/14/2025 15:12:20 Forming SolO coverages from date 2020-12-13 00:00:00
11/14/2025 15:12:23 Day 41: 2 coverages
11/14/2025 15:12:23 Day 42
11/14/2025 15:12:23 Forming SolO coverages from date 2020-12-14 00:00:00
11/14/2025 15:12:27 Day 42: 2 coverages
11/14/2025 15:12:27 Day 43
11/14/2025 15:12:27 Forming SolO coverages from date 2020-12-15 00:00:00
11/14/2025 15:12:30 Day 43: 2 coverages
11/14/2025 15:12:30 Day 44
11/14/2025 15:12:30 Forming SolO coverages from date 2020-12-16 00:00:00
11/14/2025 15:12:34 Day 44: 2 coverages
11/14/2025 15:12:34 Day 45
11/14/2025 15:12:34 Forming SolO coverages from date 2020-12-17 00:00:00
11/14/2025 15:12:36 Day 45: 2 coverages
11/14/2025 15:12:36 Day 46
11/14/2025 15:12:36 Forming SolO coverages from date 2020-12-18 00:00:00
11/14/2025 15:12:40 Day 46: 2 coverages
11/14/2025 15:12:40 Day 47
11/14/2025 15:12:40 Forming SolO coverages from date 2020-12-19 00:00:00
11/14/2025 15:12:43 Day 47: 2 coverages
11/14/2025 15:12:43 Day 48
11/14/2025 15:12:43 Forming SolO coverages from date 2020-12-20 00:00:00
11/14/2025 15:12:47 Day 48: 2 coverages
11/14/2025 15:12:47 Day 49
11/14/2025 15:12:47 Forming SolO coverages from date 2020-12-21 00:00:00
11/14/2025 15:12:51 Day 49: 2 coverages
11/14/2025 15:12:51 Day 50
11/14/2025 15:12:51 Forming SolO coverages from date 2020-12-22 00:00:00
11/14/2025 15:12:53 Day 50: 2 coverages
11/14/2025 15:12:53 Day 51
11/14/2025 15:12:53 Forming SolO coverages from date 2020-12-23 00:00:00
11/14/2025 15:12:56 Day 51: 2 coverages
11/14/2025 15:12:56 Day 52
11/14/2025 15:12:56 Forming SolO coverages from date 2020-12-24 00:00:00
11/14/2025 15:13:00 Day 52: 2 coverages
11/14/2025 15:13:00 Day 53
11/14/2025 15:13:00 Forming SolO coverages from date 2020-12-25 00:00:00
11/14/2025 15:13:03 Day 53: 2 coverages
11/14/2025 15:13:03 Day 54
11/14/2025 15:13:03 Forming SolO coverages from date 2020-12-26 00:00:00
11/14/2025 15:13:07 Day 54: 2 coverages
11/14/2025 15:13:07 Day 55
11/14/2025 15:13:07 Forming SolO coverages from date 2020-12-27 00:00:00
11/14/2025 15:13:11 Day 55: 2 coverages
11/14/2025 15:13:11 Day 56
11/14/2025 15:13:11 Forming SolO coverages from date 2020-12-28 00:00:00
11/14/2025 15:13:15 Day 56: 2 coverages
11/14/2025 15:13:15 Day 57
11/14/2025 15:13:15 Forming SolO coverages from date 2020-12-29 00:00:00
11/14/2025 15:13:18 Day 57: 2 coverages
11/14/2025 15:13:18 Day 58
11/14/2025 15:13:18 Forming SolO coverages from date 2020-12-30 00:00:00
11/14/2025 15:13:22 Day 58: 2 coverages
11/14/2025 15:13:22 Day 59
11/14/2025 15:13:22 Forming SolO coverages from date 2020-12-31 00:00:00
11/14/2025 15:13:25 Day 59: 2 coverages
11/14/2025 15:13:25 Day 60
11/14/2025 15:13:25 Forming SolO coverages from date 2021-01-01 00:00:00
11/14/2025 15:13:28 Day 60: 2 coverages
11/14/2025 15:13:28 Day 61
11/14/2025 15:13:28 Forming SolO coverages from date 2021-01-02 00:00:00
11/14/2025 15:13:32 Day 61: 2 coverages
11/14/2025 15:13:32 Day 62
11/14/2025 15:13:32 Forming SolO coverages from date 2021-01-03 00:00:00
11/14/2025 15:13:36 Day 62: 2 coverages
11/14/2025 15:13:36 Day 63
11/14/2025 15:13:36 Forming SolO coverages from date 2021-01-04 00:00:00
11/14/2025 15:13:40 Day 63: 2 coverages
11/14/2025 15:13:40 Day 64
11/14/2025 15:13:40 Forming SolO coverages from date 2021-01-05 00:00:00
11/14/2025 15:13:44 Day 64: 2 coverages
11/14/2025 15:13:44 Day 65
11/14/2025 15:13:44 Forming SolO coverages from date 2021-01-06 00:00:00
11/14/2025 15:13:48 Day 65: 2 coverages
11/14/2025 15:13:48 Day 66
11/14/2025 15:13:48 Forming SolO coverages from date 2021-01-07 00:00:00
11/14/2025 15:13:51 Day 66: 2 coverages
11/14/2025 15:13:51 Day 67
11/14/2025 15:13:51 Forming SolO coverages from date 2021-01-08 00:00:00
11/14/2025 15:13:55 Day 67: 2 coverages
11/14/2025 15:13:55 Day 68
11/14/2025 15:13:55 Forming SolO coverages from date 2021-01-09 00:00:00
11/14/2025 15:13:58 Day 68: 2 coverages
11/14/2025 15:13:58 Day 69
11/14/2025 15:13:58 Forming SolO coverages from date 2021-01-10 00:00:00
11/14/2025 15:14:00 Day 69: 2 coverages
11/14/2025 15:14:00 Day 70
11/14/2025 15:14:00 Forming SolO coverages from date 2021-01-11 00:00:00
11/14/2025 15:14:04 Day 70: 2 coverages
11/14/2025 15:14:04 Day 71
11/14/2025 15:14:04 Forming SolO coverages from date 2021-01-12 00:00:00
11/14/2025 15:14:07 Day 71: 2 coverages
11/14/2025 15:14:07 Day 72
11/14/2025 15:14:07 Forming SolO coverages from date 2021-01-13 00:00:00
11/14/2025 15:14:09 Day 72: 2 coverages
11/14/2025 15:14:09 Day 73
11/14/2025 15:14:09 Forming SolO coverages from date 2021-01-14 00:00:00
11/14/2025 15:14:12 Day 73: 2 coverages
11/14/2025 15:14:12 Day 74
11/14/2025 15:14:12 Forming SolO coverages from date 2021-01-15 00:00:00
11/14/2025 15:14:15 Day 74: 2 coverages
11/14/2025 15:14:15 Day 75
11/14/2025 15:14:15 Forming SolO coverages from date 2021-01-16 00:00:00
11/14/2025 15:14:18 Day 75: 2 coverages
11/14/2025 15:14:18 Day 76
11/14/2025 15:14:18 Forming SolO coverages from date 2021-01-17 00:00:00
11/14/2025 15:14:22 Day 76: 2 coverages
11/14/2025 15:14:22 Day 77
11/14/2025 15:14:22 Forming SolO coverages from date 2021-01-18 00:00:00
11/14/2025 15:14:23 No data was found, skipping...
11/14/2025 15:14:23 Day 78
11/14/2025 15:14:23 Forming SolO coverages from date 2021-01-19 00:00:00
11/14/2025 15:14:23 No data was found, skipping...
11/14/2025 15:14:23 Day 79
11/14/2025 15:14:23 Forming SolO coverages from date 2021-01-20 00:00:00
11/14/2025 15:14:23 No data was found, skipping...
11/14/2025 15:14:23 Day 80
11/14/2025 15:14:23 Forming SolO coverages from date 2021-01-21 00:00:00
11/14/2025 15:14:23 No data was found, skipping...
11/14/2025 15:14:23 Day 81
11/14/2025 15:14:23 Forming SolO coverages from date 2021-01-22 00:00:00
11/14/2025 15:14:24 No data was found, skipping...
11/14/2025 15:14:24 Day 82
11/14/2025 15:14:24 Forming SolO coverages from date 2021-01-23 00:00:00
11/14/2025 15:14:24 No data was found, skipping...
11/14/2025 15:14:24 Day 83
11/14/2025 15:14:24 Forming SolO coverages from date 2021-01-24 00:00:00
11/14/2025 15:14:27 Day 83: 2 coverages
11/14/2025 15:14:27 Day 84
11/14/2025 15:14:27 Forming SolO coverages from date 2021-01-25 00:00:00
11/14/2025 15:14:30 Day 84: 2 coverages
11/14/2025 15:14:30 Day 85
11/14/2025 15:14:30 Forming SolO coverages from date 2021-01-26 00:00:00
11/14/2025 15:14:34 Day 85: 2 coverages
11/14/2025 15:14:34 Day 86
11/14/2025 15:14:34 Forming SolO coverages from date 2021-01-27 00:00:00
11/14/2025 15:14:38 Day 86: 2 coverages
11/14/2025 15:14:38 Day 87
11/14/2025 15:14:38 Forming SolO coverages from date 2021-01-28 00:00:00
11/14/2025 15:14:41 Day 87: 2 coverages
11/14/2025 15:14:41 Day 88
11/14/2025 15:14:41 Forming SolO coverages from date 2021-01-29 00:00:00
11/14/2025 15:14:45 Day 88: 2 coverages
11/14/2025 15:14:45 Day 89
11/14/2025 15:14:45 Forming SolO coverages from date 2021-01-30 00:00:00
11/14/2025 15:14:48 Day 89: 2 coverages
11/14/2025 15:14:48 Day 90
11/14/2025 15:14:48 Forming SolO coverages from date 2021-01-31 00:00:00
11/14/2025 15:14:52 Day 90: 2 coverages
11/14/2025 15:14:52 Day 91
11/14/2025 15:14:52 Forming SolO coverages from date 2021-02-01 00:00:00
11/14/2025 15:14:54 Day 91: 2 coverages
11/14/2025 15:14:54 Day 92
11/14/2025 15:14:54 Forming SolO coverages from date 2021-02-02 00:00:00
11/14/2025 15:14:58 Day 92: 2 coverages
11/14/2025 15:14:58 Day 93
11/14/2025 15:14:58 Forming SolO coverages from date 2021-02-03 00:00:00
11/14/2025 15:14:59 Day 93: 2 coverages
11/14/2025 15:14:59 Day 94
11/14/2025 15:14:59 Forming SolO coverages from date 2021-02-04 00:00:00
11/14/2025 15:15:03 Day 94: 2 coverages
11/14/2025 15:15:03 Day 95
11/14/2025 15:15:03 Forming SolO coverages from date 2021-02-05 00:00:00
11/14/2025 15:15:06 Day 95: 2 coverages
11/14/2025 15:15:06 Day 96
11/14/2025 15:15:06 Forming SolO coverages from date 2021-02-06 00:00:00
11/14/2025 15:15:09 Day 96: 2 coverages
11/14/2025 15:15:09 Day 97
11/14/2025 15:15:09 Forming SolO coverages from date 2021-02-07 00:00:00
11/14/2025 15:15:11 Day 97: 2 coverages
11/14/2025 15:15:11 Day 98
11/14/2025 15:15:11 Forming SolO coverages from date 2021-02-08 00:00:00
11/14/2025 15:15:14 Day 98: 2 coverages
11/14/2025 15:15:14 Day 99
11/14/2025 15:15:14 Forming SolO coverages from date 2021-02-09 00:00:00
11/14/2025 15:15:18 Day 99: 2 coverages
11/14/2025 15:15:18 Day 100
11/14/2025 15:15:18 Forming SolO coverages from date 2021-02-10 00:00:00
11/14/2025 15:15:21 Day 100: 2 coverages
11/14/2025 15:15:21 Day 101
11/14/2025 15:15:21 Forming SolO coverages from date 2021-02-11 00:00:00
11/14/2025 15:15:25 Day 101: 2 coverages
11/14/2025 15:15:25 Day 102
11/14/2025 15:15:25 Forming SolO coverages from date 2021-02-12 00:00:00
11/14/2025 15:15:28 Day 102: 2 coverages
11/14/2025 15:15:28 Day 103
11/14/2025 15:15:28 Forming SolO coverages from date 2021-02-13 00:00:00
11/14/2025 15:15:31 Day 103: 2 coverages
11/14/2025 15:15:31 Day 104
11/14/2025 15:15:31 Forming SolO coverages from date 2021-02-14 00:00:00
11/14/2025 15:15:35 Day 104: 2 coverages
11/14/2025 15:15:35 Day 105
11/14/2025 15:15:35 Forming SolO coverages from date 2021-02-15 00:00:00
11/14/2025 15:15:39 Day 105: 2 coverages
11/14/2025 15:15:39 Day 106
11/14/2025 15:15:39 Forming SolO coverages from date 2021-02-16 00:00:00
11/14/2025 15:15:42 Day 106: 2 coverages
11/14/2025 15:15:42 Day 107
11/14/2025 15:15:42 Forming SolO coverages from date 2021-02-17 00:00:00
11/14/2025 15:15:45 Day 107: 2 coverages
11/14/2025 15:15:45 Day 108
11/14/2025 15:15:45 Forming SolO coverages from date 2021-02-18 00:00:00
11/14/2025 15:15:48 Day 108: 2 coverages
11/14/2025 15:15:48 Day 109
11/14/2025 15:15:48 Forming SolO coverages from date 2021-02-19 00:00:00
11/14/2025 15:15:52 Day 109: 2 coverages
11/14/2025 15:15:52 Day 110
11/14/2025 15:15:52 Forming SolO coverages from date 2021-02-20 00:00:00
11/14/2025 15:15:55 Day 110: 2 coverages
11/14/2025 15:15:55 Day 111
11/14/2025 15:15:55 Forming SolO coverages from date 2021-02-21 00:00:00
11/14/2025 15:15:59 Day 111: 2 coverages
11/14/2025 15:15:59 Day 112
11/14/2025 15:15:59 Forming SolO coverages from date 2021-02-22 00:00:00
11/14/2025 15:16:02 Day 112: 2 coverages
11/14/2025 15:16:02 Day 113
11/14/2025 15:16:02 Forming SolO coverages from date 2021-02-23 00:00:00
11/14/2025 15:16:04 Day 113: 2 coverages
11/14/2025 15:16:04 Day 114
11/14/2025 15:16:04 Forming SolO coverages from date 2021-02-24 00:00:00
11/14/2025 15:16:08 Day 114: 2 coverages
11/14/2025 15:16:08 Day 115
11/14/2025 15:16:08 Forming SolO coverages from date 2021-02-25 00:00:00
11/14/2025 15:16:11 Day 115: 2 coverages
11/14/2025 15:16:11 Day 116
11/14/2025 15:16:11 Forming SolO coverages from date 2021-02-26 00:00:00
11/14/2025 15:16:15 Day 116: 2 coverages
11/14/2025 15:16:15 Day 117
11/14/2025 15:16:15 Forming SolO coverages from date 2021-02-27 00:00:00
11/14/2025 15:16:17 Day 117: 2 coverages
11/14/2025 15:16:17 Day 118
11/14/2025 15:16:17 Forming SolO coverages from date 2021-02-28 00:00:00
11/14/2025 15:16:21 Day 118: 2 coverages
11/14/2025 15:16:21 Day 119
11/14/2025 15:16:21 Forming SolO coverages from date 2021-03-01 00:00:00
11/14/2025 15:16:24 Day 119: 2 coverages
11/14/2025 15:16:24 Day 120
11/14/2025 15:16:24 Forming SolO coverages from date 2021-03-02 00:00:00
11/14/2025 15:16:28 Day 120: 2 coverages
11/14/2025 15:16:28 Day 121
11/14/2025 15:16:28 Forming SolO coverages from date 2021-03-03 00:00:00
11/14/2025 15:16:31 Day 121: 2 coverages
11/14/2025 15:16:31 Day 122
11/14/2025 15:16:31 Forming SolO coverages from date 2021-03-04 00:00:00
11/14/2025 15:16:34 Day 122: 2 coverages
11/14/2025 15:16:34 Day 123
11/14/2025 15:16:34 Forming SolO coverages from date 2021-03-05 00:00:00
11/14/2025 15:16:35 Day 123: 2 coverages
11/14/2025 15:16:35 Day 124
11/14/2025 15:16:35 Forming SolO coverages from date 2021-03-06 00:00:00
11/14/2025 15:16:36 Day 124: 2 coverages
11/14/2025 15:16:36 Day 125
11/14/2025 15:16:36 Forming SolO coverages from date 2021-03-07 00:00:00
11/14/2025 15:16:40 Day 125: 2 coverages
11/14/2025 15:16:40 Day 126
11/14/2025 15:16:40 Forming SolO coverages from date 2021-03-08 00:00:00
11/14/2025 15:16:43 Day 126: 2 coverages
11/14/2025 15:16:43 Day 127
11/14/2025 15:16:43 Forming SolO coverages from date 2021-03-09 00:00:00
11/14/2025 15:16:46 Day 127: 2 coverages
11/14/2025 15:16:46 Day 128
11/14/2025 15:16:46 Forming SolO coverages from date 2021-03-10 00:00:00
11/14/2025 15:16:49 Day 128: 2 coverages
11/14/2025 15:16:49 Day 129
11/14/2025 15:16:49 Forming SolO coverages from date 2021-03-11 00:00:00
11/14/2025 15:16:53 Day 129: 2 coverages
11/14/2025 15:16:53 Day 130
11/14/2025 15:16:53 Forming SolO coverages from date 2021-03-12 00:00:00
11/14/2025 15:16:57 Day 130: 2 coverages
11/14/2025 15:16:57 Day 131
11/14/2025 15:16:57 Forming SolO coverages from date 2021-03-13 00:00:00
11/14/2025 15:17:00 Day 131: 2 coverages
11/14/2025 15:17:00 Day 132
11/14/2025 15:17:00 Forming SolO coverages from date 2021-03-14 00:00:00
11/14/2025 15:17:04 Day 132: 2 coverages
11/14/2025 15:17:04 Day 133
11/14/2025 15:17:04 Forming SolO coverages from date 2021-03-15 00:00:00
11/14/2025 15:17:07 Day 133: 2 coverages
11/14/2025 15:17:07 Day 134
11/14/2025 15:17:07 Forming SolO coverages from date 2021-03-16 00:00:00
11/14/2025 15:17:10 Day 134: 2 coverages
11/14/2025 15:17:10 Day 135
11/14/2025 15:17:10 Forming SolO coverages from date 2021-03-17 00:00:00
11/14/2025 15:17:14 Day 135: 2 coverages
11/14/2025 15:17:14 Day 136
11/14/2025 15:17:14 Forming SolO coverages from date 2021-03-18 00:00:00
11/14/2025 15:17:17 Day 136: 2 coverages
11/14/2025 15:17:17 Day 137
11/14/2025 15:17:17 Forming SolO coverages from date 2021-03-19 00:00:00
11/14/2025 15:17:21 Day 137: 2 coverages
11/14/2025 15:17:21 Day 138
11/14/2025 15:17:21 Forming SolO coverages from date 2021-03-20 00:00:00
11/14/2025 15:17:23 Day 138: 2 coverages
11/14/2025 15:17:23 Day 139
11/14/2025 15:17:23 Forming SolO coverages from date 2021-03-21 00:00:00
11/14/2025 15:17:26 Day 139: 2 coverages
11/14/2025 15:17:26 Day 140
11/14/2025 15:17:26 Forming SolO coverages from date 2021-03-22 00:00:00
11/14/2025 15:17:29 Day 140: 2 coverages
11/14/2025 15:17:29 Day 141
11/14/2025 15:17:29 Forming SolO coverages from date 2021-03-23 00:00:00
11/14/2025 15:17:32 Day 141: 2 coverages
11/14/2025 15:17:32 Day 142
11/14/2025 15:17:32 Forming SolO coverages from date 2021-03-24 00:00:00
11/14/2025 15:17:36 Day 142: 2 coverages
11/14/2025 15:17:36 Day 143
11/14/2025 15:17:36 Forming SolO coverages from date 2021-03-25 00:00:00
11/14/2025 15:17:39 Day 143: 2 coverages
11/14/2025 15:17:39 Day 144
11/14/2025 15:17:39 Forming SolO coverages from date 2021-03-26 00:00:00
11/14/2025 15:17:43 Day 144: 2 coverages
11/14/2025 15:17:43 Day 145
11/14/2025 15:17:43 Forming SolO coverages from date 2021-03-27 00:00:00
11/14/2025 15:17:47 Day 145: 2 coverages
11/14/2025 15:17:47 Day 146
11/14/2025 15:17:47 Forming SolO coverages from date 2021-03-28 00:00:00
11/14/2025 15:17:49 Day 146: 2 coverages
11/14/2025 15:17:49 Day 147
11/14/2025 15:17:49 Forming SolO coverages from date 2021-03-29 00:00:00
11/14/2025 15:17:53 Day 147: 2 coverages
11/14/2025 15:17:53 Day 148
11/14/2025 15:17:53 Forming SolO coverages from date 2021-03-30 00:00:00
11/14/2025 15:17:57 Day 148: 2 coverages
11/14/2025 15:17:57 Day 149
11/14/2025 15:17:57 Forming SolO coverages from date 2021-03-31 00:00:00
11/14/2025 15:18:01 Day 149: 2 coverages
11/14/2025 15:18:01 Day 150
11/14/2025 15:18:01 Forming SolO coverages from date 2021-04-01 00:00:00
11/14/2025 15:18:05 Day 150: 2 coverages
11/14/2025 15:18:05 Day 151
11/14/2025 15:18:05 Forming SolO coverages from date 2021-04-02 00:00:00
11/14/2025 15:18:08 Day 151: 2 coverages
11/14/2025 15:18:08 Day 152
11/14/2025 15:18:08 Forming SolO coverages from date 2021-04-03 00:00:00
11/14/2025 15:18:10 Day 152: 2 coverages
11/14/2025 15:18:10 Day 153
11/14/2025 15:18:10 Forming SolO coverages from date 2021-04-04 00:00:00
11/14/2025 15:18:14 Day 153: 2 coverages
11/14/2025 15:18:14 Day 154
11/14/2025 15:18:14 Forming SolO coverages from date 2021-04-05 00:00:00
11/14/2025 15:18:17 Day 154: 2 coverages
11/14/2025 15:18:17 Day 155
11/14/2025 15:18:17 Forming SolO coverages from date 2021-04-06 00:00:00
11/14/2025 15:18:21 Day 155: 2 coverages
11/14/2025 15:18:21 Day 156
11/14/2025 15:18:21 Forming SolO coverages from date 2021-04-07 00:00:00
11/14/2025 15:18:24 Day 156: 2 coverages
11/14/2025 15:18:24 Day 157
11/14/2025 15:18:24 Forming SolO coverages from date 2021-04-08 00:00:00
11/14/2025 15:18:28 Day 157: 2 coverages
11/14/2025 15:18:28 Day 158
11/14/2025 15:18:28 Forming SolO coverages from date 2021-04-09 00:00:00
11/14/2025 15:18:32 Day 158: 2 coverages
11/14/2025 15:18:32 Day 159
11/14/2025 15:18:32 Forming SolO coverages from date 2021-04-10 00:00:00
11/14/2025 15:18:36 Day 159: 2 coverages
11/14/2025 15:18:36 Day 160
11/14/2025 15:18:36 Forming SolO coverages from date 2021-04-11 00:00:00
11/14/2025 15:18:39 Day 160: 2 coverages
11/14/2025 15:18:39 Day 161
11/14/2025 15:18:39 Forming SolO coverages from date 2021-04-12 00:00:00
11/14/2025 15:18:43 Day 161: 2 coverages
11/14/2025 15:18:43 Day 162
11/14/2025 15:18:43 Forming SolO coverages from date 2021-04-13 00:00:00
11/14/2025 15:18:45 Day 162: 2 coverages
11/14/2025 15:18:45 Day 163
11/14/2025 15:18:45 Forming SolO coverages from date 2021-04-14 00:00:00
11/14/2025 15:18:50 Day 163: 2 coverages
11/14/2025 15:18:50 Day 164
11/14/2025 15:18:50 Forming SolO coverages from date 2021-04-15 00:00:00
11/14/2025 15:18:54 Day 164: 2 coverages
11/14/2025 15:18:54 Day 165
11/14/2025 15:18:54 Forming SolO coverages from date 2021-04-16 00:00:00
11/14/2025 15:18:58 Day 165: 2 coverages
11/14/2025 15:18:58 Day 166
11/14/2025 15:18:58 Forming SolO coverages from date 2021-04-17 00:00:00
11/14/2025 15:19:02 Day 166: 2 coverages
11/14/2025 15:19:02 Day 167
11/14/2025 15:19:02 Forming SolO coverages from date 2021-04-18 00:00:00
11/14/2025 15:19:07 Day 167: 2 coverages
11/14/2025 15:19:07 Day 168
11/14/2025 15:19:07 Forming SolO coverages from date 2021-04-19 00:00:00
11/14/2025 15:19:10 Day 168: 2 coverages
11/14/2025 15:19:10 Day 169
11/14/2025 15:19:10 Forming SolO coverages from date 2021-04-20 00:00:00
11/14/2025 15:19:13 Day 169: 2 coverages
11/14/2025 15:19:13 Day 170
11/14/2025 15:19:13 Forming SolO coverages from date 2021-04-21 00:00:00
11/14/2025 15:19:17 Day 170: 2 coverages
11/14/2025 15:19:17 Day 171
11/14/2025 15:19:17 Forming SolO coverages from date 2021-04-22 00:00:00
11/14/2025 15:19:20 Day 171: 2 coverages
11/14/2025 15:19:20 Day 172
11/14/2025 15:19:20 Forming SolO coverages from date 2021-04-23 00:00:00
11/14/2025 15:19:24 Day 172: 2 coverages
11/14/2025 15:19:24 Day 173
11/14/2025 15:19:24 Forming SolO coverages from date 2021-04-24 00:00:00
11/14/2025 15:19:26 Day 173: 2 coverages
11/14/2025 15:19:26 Day 174
11/14/2025 15:19:26 Forming SolO coverages from date 2021-04-25 00:00:00
11/14/2025 15:19:30 Day 174: 2 coverages
11/14/2025 15:19:30 Day 175
11/14/2025 15:19:30 Forming SolO coverages from date 2021-04-26 00:00:00
11/14/2025 15:19:34 Day 175: 2 coverages
11/14/2025 15:19:34 Day 176
11/14/2025 15:19:34 Forming SolO coverages from date 2021-04-27 00:00:00
11/14/2025 15:19:37 Day 176: 2 coverages
11/14/2025 15:19:37 Day 177
11/14/2025 15:19:37 Forming SolO coverages from date 2021-04-28 00:00:00
11/14/2025 15:19:41 Day 177: 2 coverages
11/14/2025 15:19:41 Day 178
11/14/2025 15:19:41 Forming SolO coverages from date 2021-04-29 00:00:00
11/14/2025 15:19:44 Day 178: 2 coverages
11/14/2025 15:19:44 Day 179
11/14/2025 15:19:44 Forming SolO coverages from date 2021-04-30 00:00:00
11/14/2025 15:19:47 Day 179: 2 coverages
11/14/2025 15:19:47 Day 180
11/14/2025 15:19:47 Forming SolO coverages from date 2021-05-01 00:00:00
11/14/2025 15:19:51 Day 180: 2 coverages
11/14/2025 15:19:51 Day 181
11/14/2025 15:19:51 Forming SolO coverages from date 2021-05-02 00:00:00
11/14/2025 15:19:55 Day 181: 2 coverages
11/14/2025 15:19:55 Day 182
11/14/2025 15:19:55 Forming SolO coverages from date 2021-05-03 00:00:00
11/14/2025 15:19:58 Day 182: 2 coverages
11/14/2025 15:19:58 Day 183
11/14/2025 15:19:58 Forming SolO coverages from date 2021-05-04 00:00:00
11/14/2025 15:20:02 Day 183: 2 coverages
11/14/2025 15:20:02 Day 184
11/14/2025 15:20:02 Forming SolO coverages from date 2021-05-05 00:00:00
11/14/2025 15:20:06 Day 184: 2 coverages
11/14/2025 15:20:06 Day 185
11/14/2025 15:20:06 Forming SolO coverages from date 2021-05-06 00:00:00
11/14/2025 15:20:09 Day 185: 2 coverages
11/14/2025 15:20:09 Day 186
11/14/2025 15:20:09 Forming SolO coverages from date 2021-05-07 00:00:00
11/14/2025 15:20:13 Day 186: 2 coverages
11/14/2025 15:20:13 Day 187
11/14/2025 15:20:13 Forming SolO coverages from date 2021-05-08 00:00:00
11/14/2025 15:20:18 Day 187: 2 coverages
11/14/2025 15:20:18 Day 188
11/14/2025 15:20:18 Forming SolO coverages from date 2021-05-09 00:00:00
11/14/2025 15:20:23 Day 188: 2 coverages
11/14/2025 15:20:23 Day 189
11/14/2025 15:20:23 Forming SolO coverages from date 2021-05-10 00:00:00
11/14/2025 15:20:28 Day 189: 2 coverages
11/14/2025 15:20:28 Day 190
11/14/2025 15:20:28 Forming SolO coverages from date 2021-05-11 00:00:00
11/14/2025 15:20:33 Day 190: 2 coverages
11/14/2025 15:20:33 Day 191
11/14/2025 15:20:33 Forming SolO coverages from date 2021-05-12 00:00:00
11/14/2025 15:20:35 Day 191: 2 coverages
11/14/2025 15:20:35 Day 192
11/14/2025 15:20:35 Forming SolO coverages from date 2021-05-13 00:00:00
11/14/2025 15:20:39 Day 192: 2 coverages
11/14/2025 15:20:39 Day 193
11/14/2025 15:20:39 Forming SolO coverages from date 2021-05-14 00:00:00
11/14/2025 15:20:41 Day 193: 2 coverages
11/14/2025 15:20:41 Day 194
11/14/2025 15:20:41 Forming SolO coverages from date 2021-05-15 00:00:00
11/14/2025 15:20:44 Day 194: 2 coverages
11/14/2025 15:20:44 Day 195
11/14/2025 15:20:44 Forming SolO coverages from date 2021-05-16 00:00:00
11/14/2025 15:20:48 Day 195: 2 coverages
11/14/2025 15:20:48 Day 196
11/14/2025 15:20:48 Forming SolO coverages from date 2021-05-17 00:00:00
11/14/2025 15:20:51 Day 196: 2 coverages
11/14/2025 15:20:51 Day 197
11/14/2025 15:20:51 Forming SolO coverages from date 2021-05-18 00:00:00
11/14/2025 15:20:55 Day 197: 2 coverages
11/14/2025 15:20:55 Day 198
11/14/2025 15:20:55 Forming SolO coverages from date 2021-05-19 00:00:00
